# JRE version: Java(TM) SE Runtime Environment (8.0_92-b14) (build 1.8.0_92-b14)
# Java VM: Java HotSpot(TM) 64-Bit Server VM (25.92-b14 mixed mode windows-amd64 compressed oops)
Heap:
 PSYoungGen      total 97280K, used 72749K [0x00000000e0000000, 0x00000000e8300000, 0x0000000100000000)
  eden space 84992K, 85% used [0x00000000e0000000,0x00000000e470b688,0x00000000e5300000)
  from space 12288K, 0% used [0x00000000e5300000,0x00000000e5300000,0x00000000e5f00000)
  to   space 12800K, 0% used [0x00000000e7680000,0x00000000e7680000,0x00000000e8300000)
 ParOldGen       total 114688K, used 16290K [0x00000000a0000000, 0x00000000a7000000, 0x00000000e0000000)
  object space 114688K, 14% used [0x00000000a0000000,0x00000000a0fe8b78,0x00000000a7000000)
 Metaspace       used 38586K, capacity 39264K, committed 39424K, reserved 1083392K
  class space    used 5379K, capacity 5620K, committed 5632K, reserved 1048576K
GC Heap History (10 events):
Event: 18.380 GC heap before
{Heap before GC invocations=5 (full 1):
 PSYoungGen      total 71680K, used 5088K [0x00000000e0000000, 0x00000000e4b00000, 0x0000000100000000)
  eden space 66560K, 0% used [0x00000000e0000000,0x00000000e0000000,0x00000000e4100000)
  from space 5120K, 99% used [0x00000000e4600000,0x00000000e4af8050,0x00000000e4b00000)
  to   space 5120K, 0% used [0x00000000e4100000,0x00000000e4100000,0x00000000e4600000)
 ParOldGen       total 87552K, used 8601K [0x00000000a0000000, 0x00000000a5580000, 0x00000000e0000000)
  object space 87552K, 9% used [0x00000000a0000000,0x00000000a08664a8,0x00000000a5580000)
 Metaspace       used 20695K, capacity 21134K, committed 21296K, reserved 1067008K
  class space    used 2945K, capacity 3101K, committed 3200K, reserved 1048576K
Event: 18.686 GC heap after
Heap after GC invocations=5 (full 1):
 PSYoungGen      total 71680K, used 0K [0x00000000e0000000, 0x00000000e4b00000, 0x0000000100000000)
  eden space 66560K, 0% used [0x00000000e0000000,0x00000000e0000000,0x00000000e4100000)
  from space 5120K, 0% used [0x00000000e4600000,0x00000000e4600000,0x00000000e4b00000)
  to   space 5120K, 0% used [0x00000000e4100000,0x00000000e4100000,0x00000000e4600000)
 ParOldGen       total 69632K, used 8001K [0x00000000a0000000, 0x00000000a4400000, 0x00000000e0000000)
  object space 69632K, 11% used [0x00000000a0000000,0x00000000a07d07e0,0x00000000a4400000)
 Metaspace       used 20695K, capacity 21134K, committed 21296K, reserved 1067008K
  class space    used 2945K, capacity 3101K, committed 3200K, reserved 1048576K
}
Event: 24.107 GC heap before
{Heap before GC invocations=6 (full 1):
 PSYoungGen      total 71680K, used 66560K [0x00000000e0000000, 0x00000000e4b00000, 0x0000000100000000)
  eden space 66560K, 100% used [0x00000000e0000000,0x00000000e4100000,0x00000000e4100000)
  from space 5120K, 0% used [0x00000000e4600000,0x00000000e4600000,0x00000000e4b00000)
  to   space 5120K, 0% used [0x00000000e4100000,0x00000000e4100000,0x00000000e4600000)
 ParOldGen       total 69632K, used 8001K [0x00000000a0000000, 0x00000000a4400000, 0x00000000e0000000)
  object space 69632K, 11% used [0x00000000a0000000,0x00000000a07d07e0,0x00000000a4400000)
 Metaspace       used 26645K, capacity 27128K, committed 27264K, reserved 1073152K
  class space    used 3739K, capacity 3894K, committed 3968K, reserved 1048576K
Event: 24.125 GC heap after
Heap after GC invocations=6 (full 1):
 PSYoungGen      total 71680K, used 5099K [0x00000000e0000000, 0x00000000e6a80000, 0x0000000100000000)
  eden space 66560K, 0% used [0x00000000e0000000,0x00000000e0000000,0x00000000e4100000)
  from space 5120K, 99% used [0x00000000e4100000,0x00000000e45fadf8,0x00000000e4600000)
  to   space 11264K, 0% used [0x00000000e5f80000,0x00000000e5f80000,0x00000000e6a80000)
 ParOldGen       total 69632K, used 10761K [0x00000000a0000000, 0x00000000a4400000, 0x00000000e0000000)
  object space 69632K, 15% used [0x00000000a0000000,0x00000000a0a82418,0x00000000a4400000)
 Metaspace       used 26645K, capacity 27128K, committed 27264K, reserved 1073152K
  class space    used 3739K, capacity 3894K, committed 3968K, reserved 1048576K
}
Event: 44.007 GC heap before
{Heap before GC invocations=7 (full 1):
 PSYoungGen      total 71680K, used 71659K [0x00000000e0000000, 0x00000000e6a80000, 0x0000000100000000)
  eden space 66560K, 100% used [0x00000000e0000000,0x00000000e4100000,0x00000000e4100000)
  from space 5120K, 99% used [0x00000000e4100000,0x00000000e45fadf8,0x00000000e4600000)
  to   space 11264K, 0% used [0x00000000e5f80000,0x00000000e5f80000,0x00000000e6a80000)
 ParOldGen       total 69632K, used 10761K [0x00000000a0000000, 0x00000000a4400000, 0x00000000e0000000)
  object space 69632K, 15% used [0x00000000a0000000,0x00000000a0a82418,0x00000000a4400000)
 Metaspace       used 30239K, capacity 30692K, committed 30976K, reserved 1075200K
  class space    used 4331K, capacity 4485K, committed 4608K, reserved 1048576K
Event: 44.086 GC heap after
Heap after GC invocations=7 (full 1):
 PSYoungGen      total 96256K, used 9988K [0x00000000e0000000, 0x00000000e6b00000, 0x0000000100000000)
  eden space 84992K, 0% used [0x00000000e0000000,0x00000000e0000000,0x00000000e5300000)
  from space 11264K, 88% used [0x00000000e5f80000,0x00000000e69412d8,0x00000000e6a80000)
  to   space 12288K, 0% used [0x00000000e5300000,0x00000000e5300000,0x00000000e5f00000)
 ParOldGen       total 69632K, used 10769K [0x00000000a0000000, 0x00000000a4400000, 0x00000000e0000000)
  object space 69632K, 15% used [0x00000000a0000000,0x00000000a0a84418,0x00000000a4400000)
 Metaspace       used 30239K, capacity 30692K, committed 30976K, reserved 1075200K
  class space    used 4331K, capacity 4485K, committed 4608K, reserved 1048576K
}
Event: 50.617 GC heap before
{Heap before GC invocations=8 (full 1):
 PSYoungGen      total 96256K, used 34834K [0x00000000e0000000, 0x00000000e6b00000, 0x0000000100000000)
  eden space 84992K, 29% used [0x00000000e0000000,0x00000000e18437f8,0x00000000e5300000)
  from space 11264K, 88% used [0x00000000e5f80000,0x00000000e69412d8,0x00000000e6a80000)
  to   space 12288K, 0% used [0x00000000e5300000,0x00000000e5300000,0x00000000e5f00000)
 ParOldGen       total 69632K, used 10769K [0x00000000a0000000, 0x00000000a4400000, 0x00000000e0000000)
  object space 69632K, 15% used [0x00000000a0000000,0x00000000a0a84418,0x00000000a4400000)
 Metaspace       used 34771K, capacity 35298K, committed 35496K, reserved 1079296K
  class space    used 4902K, capacity 5091K, committed 5120K, reserved 1048576K
Event: 50.656 GC heap after
Heap after GC invocations=8 (full 1):
 PSYoungGen      total 97280K, used 10027K [0x00000000e0000000, 0x00000000e8300000, 0x0000000100000000)
  eden space 84992K, 0% used [0x00000000e0000000,0x00000000e0000000,0x00000000e5300000)
  from space 12288K, 81% used [0x00000000e5300000,0x00000000e5ccae78,0x00000000e5f00000)
  to   space 12800K, 0% used [0x00000000e7680000,0x00000000e7680000,0x00000000e8300000)
 ParOldGen       total 69632K, used 10777K [0x00000000a0000000, 0x00000000a4400000, 0x00000000e0000000)
  object space 69632K, 15% used [0x00000000a0000000,0x00000000a0a86418,0x00000000a4400000)
 Metaspace       used 34771K, capacity 35298K, committed 35496K, reserved 1079296K
  class space    used 4902K, capacity 5091K, committed 5120K, reserved 1048576K
}
Event: 50.656 GC heap before
{Heap before GC invocations=9 (full 2):
 PSYoungGen      total 97280K, used 10027K [0x00000000e0000000, 0x00000000e8300000, 0x0000000100000000)
  eden space 84992K, 0% used [0x00000000e0000000,0x00000000e0000000,0x00000000e5300000)
  from space 12288K, 81% used [0x00000000e5300000,0x00000000e5ccae78,0x00000000e5f00000)
  to   space 12800K, 0% used [0x00000000e7680000,0x00000000e7680000,0x00000000e8300000)
 ParOldGen       total 69632K, used 10777K [0x00000000a0000000, 0x00000000a4400000, 0x00000000e0000000)
  object space 69632K, 15% used [0x00000000a0000000,0x00000000a0a86418,0x00000000a4400000)
 Metaspace       used 34771K, capacity 35298K, committed 35496K, reserved 1079296K
  class space    used 4902K, capacity 5091K, committed 5120K, reserved 1048576K
Event: 50.922 GC heap after
Heap after GC invocations=9 (full 2):
 PSYoungGen      total 97280K, used 0K [0x00000000e0000000, 0x00000000e8300000, 0x0000000100000000)
  eden space 84992K, 0% used [0x00000000e0000000,0x00000000e0000000,0x00000000e5300000)
  from space 12288K, 0% used [0x00000000e5300000,0x00000000e5300000,0x00000000e5f00000)
  to   space 12800K, 0% used [0x00000000e7680000,0x00000000e7680000,0x00000000e8300000)
 ParOldGen       total 114688K, used 16290K [0x00000000a0000000, 0x00000000a7000000, 0x00000000e0000000)
  object space 114688K, 14% used [0x00000000a0000000,0x00000000a0fe8b78,0x00000000a7000000)
 Metaspace       used 34771K, capacity 35298K, committed 35496K, reserved 1079296K
  class space    used 4902K, capacity 5091K, committed 5120K, reserved 1048576K
}

